<?xml version="1.0" encoding="UTF-8"?>
<testng-results skipped="0" failed="0" ignored="0" total="2" passed="2">
  <reporter-output>
  </reporter-output>
  <suite name="Default suite" duration-ms="104" started-at="2020-03-22T02:05:07Z" finished-at="2020-03-22T02:05:07Z">
    <groups>
    </groups>
    <test name="Default test" duration-ms="104" started-at="2020-03-22T02:05:07Z" finished-at="2020-03-22T02:05:07Z">
      <class name="SamplePackage.Class_1_Test">
        <test-method status="PASS" signature="class_1()[pri:0, instance:SamplePackage.Class_1_Test@643b1d11]" name="class_1" duration-ms="22" started-at="2020-03-22T02:05:07Z" finished-at="2020-03-22T02:05:07Z">
          <reporter-output>
          </reporter-output>
        </test-method> <!-- class_1 -->
      </class> <!-- SamplePackage.Class_1_Test -->
      <class name="SamplePackage.Class_2_Test">
        <test-method status="PASS" signature="class_2()[pri:0, instance:SamplePackage.Class_2_Test@2ef5e5e3]" name="class_2" duration-ms="11" started-at="2020-03-22T02:05:07Z" finished-at="2020-03-22T02:05:07Z">
          <reporter-output>
          </reporter-output>
        </test-method> <!-- class_2 -->
      </class> <!-- SamplePackage.Class_2_Test -->
    </test> <!-- Default test -->
  </suite> <!-- Default suite -->
</testng-results>
